2016/06/13 16:27:19 bad [A]-[A] comic 0.9916465133167159 63.25345840347388 111 time: 223ms
2016/06/13 16:27:20 ok [B]-[B] LuxiScansRegular 0.9595972085100455 135.85654198455074 123 time: 192ms
2016/06/13 16:27:20 ok [C]-[C] msyh 0.9535593351092494 137.5427206361718 112 time: 208ms
2016/06/13 16:27:20 bad [D]-[D] msyh 0.9882187805965131 82.82511696339462 123 time: 215ms
2016/06/13 16:27:20 ok [E]-[V] LuxiSerifRegular 0.9146833542619088 238.8723508487326 136 time: 229ms
2016/06/13 16:27:20 ok [F]-[F] LuxiScansRegular 0.92448101788852 135.40310188470573 91 time: 179ms
2016/06/13 16:27:21 bad [G]-[G] msyh 0.9718662218720328 119.62859190009719 125 time: 224ms
2016/06/13 16:27:21 ok [H]-[H] LuxiScansRegular 0.917871856062576 209.43017929610812 121 time: 199ms
2016/06/13 16:27:21 bad [I]-[i] msyh 0.929127435873483 97.96938297243685 39 time: 88ms
2016/06/13 16:27:21 ok [J]-[J] LuxiScansRegular 0.9194608932614876 145.3925720248459 52 time: 126ms
2016/06/13 16:27:21 bad [K]-[K] LuxiScansRegular 0.9658660744443778 117.26892171415238 109 time: 178ms
2016/06/13 16:27:21 bad [L]-[L] LuxiScansRegular 0.9598221031444316 118.9915963419266 82 time: 160ms
2016/06/13 16:27:22 ok [M]-[M] msyh 0.9631017368308296 177.20891625423366 174 time: 246ms
2016/06/13 16:27:22 ok [N]-[N] LuxiScansRegular 0.9301910234096483 184.56435192094924 114 time: 210ms
2016/06/13 16:27:22 bad [O]-[O] msyh 0.9962308546674685 50.07993610219566 122 time: 222ms
2016/06/13 16:27:22 ok [P]-[p] msyh 0.9497622355709887 131.43439428094916 109 time: 186ms
2016/06/13 16:27:22 bad [Q]-[Q] LuxiScansRegular 0.9902016597775526 68.46897107449476 125 time: 227ms
2016/06/13 16:27:23 bad [R]-[R] msyh 0.986663314401074 69.6993543729065 112 time: 209ms
2016/06/13 16:27:23 bad [S]-[S] LuxiScansRegular 0.9837024533864099 88.87069258197553 120 time: 212ms
2016/06/13 16:27:23 bad [T]-[T] msyh 0.9803259246577827 67.48333127521195 81 time: 191ms
2016/06/13 16:27:23 ok [U]-[U] msyh 0.9246514438294615 167.69913535853428 89 time: 202ms
2016/06/13 16:27:23 bad [V]-[V] msyh 0.9847785106045845 69.92138442565336 92 time: 193ms
2016/06/13 16:27:24 ok [W]-[W] LuxiScansRegular 0.9845507979056863 135.09256086106296 198 time: 330ms
2016/06/13 16:27:24 bad [X]-[X] LuxiScansRegular 0.995564982354546 52.706735812417755 113 time: 229ms
2016/06/13 16:27:24 bad [Y]-[Y] msyh 0.9855030629459298 75.4254598925323 78 time: 185ms
2016/06/13 16:27:24 ok [Z]-[Z] msyh 0.9496568943239263 210.440015206234 128 time: 194ms
2016/06/13 16:27:25 ok [#a]-[e] msyh 0.9646278304008963 175.86358349584486 144 time: 253ms
2016/06/13 16:27:25 ok [#b]-[b] msyh 0.9589648119126442 162.00617272190587 94 time: 170ms
2016/06/13 16:27:25 ok [#c]-[C] msyh 0.9533770184645708 183.67090134259155 128 time: 222ms
2016/06/13 16:27:25 ok [#d]-[d] msyh 0.9445346144738027 202.41788458533006 99 time: 177ms
2016/06/13 16:27:25 ok [#e]-[e] msyh 0.9811980894823467 128.94960255851896 147 time: 226ms
2016/06/13 16:27:26 ok [#f]-[h] LuxiScansRegular 0.8702763391858042 241.3503677229434 63 time: 129ms
2016/06/13 16:27:26 ok [#g]-[9] msyh 0.9435373373934615 203.3174857212237 129 time: 192ms
2016/06/13 16:27:26 ok [#h]-[h] LuxiScansRegular 0.9271136608913967 195.54283418218117 81 time: 153ms
2016/06/13 16:27:26 ok [#i]-[i] LuxiScansRegular 0.9657687144054048 128.8371064561759 58 time: 105ms
2016/06/13 16:27:26 ok [#j]-[i] msyh 0.8838662826202056 180.82311799103564 49 time: 98ms
2016/06/13 16:27:26 ok [#k]-[i] LuxiScansRegular 0.9053501993728734 207.4777096461208 76 time: 156ms
2016/06/13 16:27:26 bad [#l]-[i] msyh 0.9399574717500947 112.93803610830145 40 time: 77ms
2016/06/13 16:27:27 ok [#m]-[m] LuxiScansRegular 0.9588856988611542 216.43936795324458 195 time: 350ms
2016/06/13 16:27:27 ok [#n]-[b] msyh 0.9213574417375733 248.49547279578354 118 time: 226ms
2016/06/13 16:27:27 bad [#o]-[O] msyh 0.9880368112656823 97.52435593224905 127 time: 238ms
2016/06/13 16:27:27 ok [#p]-[b] msyh 0.9475547658910958 202.23006700290637 116 time: 204ms
2016/06/13 16:27:28 ok [#q]-[d] msyh 0.9300644961498014 225.26428922490135 109 time: 212ms
2016/06/13 16:27:28 ok [#r]-[h] LuxiScansRegular 0.9059752517486697 201.6234113390605 71 time: 173ms
2016/06/13 16:27:28 bad [#s]-[S] LuxiScansRegular 0.985572064047043 108.51267207105353 135 time: 226ms
2016/06/13 16:27:28 ok [#t]-[i] LuxiScansRegular 0.929855062992098 189.73665961010275 82 time: 159ms
2016/06/13 16:27:28 ok [#u]-[U] msyh 0.9461087690850384 205.60642013322445 129 time: 215ms
2016/06/13 16:27:29 bad [#v]-[V] LuxiSerifRegular 0.9821455969635947 108.77959367454909 133 time: 231ms
2016/06/13 16:27:29 ok [#w]-[W] LuxiScansRegular 0.9811024050121347 144.9482666333061 180 time: 283ms
2016/06/13 16:27:29 bad [#x]-[X] LuxiScansRegular 0.9929516540484081 73.32803011127464 141 time: 218ms
2016/06/13 16:27:29 bad [#y]-[y] LuxiScansRegular 0.9825079883216351 83.8212383587835 81 time: 176ms
2016/06/13 16:27:29 ok [#z]-[Z] msyh 0.9499221399709552 199.4542554070983 149 time: 216ms
2016/06/13 16:27:30 ok [0]-[O] msyh 0.976275151465942 137.4772708486752 127 time: 200ms
2016/06/13 16:27:30 ok [1]-[V] LuxiSerifRegular 0.9075204943391271 233.3859464492239 89 time: 159ms
2016/06/13 16:27:30 ok [2]-[2] msyh 0.9598397015755359 157.0764145249057 102 time: 172ms
2016/06/13 16:27:30 ok [3]-[3] comic 0.9153168585086334 251.47962144078394 98 time: 164ms
2016/06/13 16:27:30 ok [4]-[4] msyh 0.955497102306879 169.76748805351394 112 time: 196ms
2016/06/13 16:27:30 ok [5]-[5] LuxiScansRegular 0.9404922522884391 176.5502761255275 93 time: 158ms
2016/06/13 16:27:31 ok [6]-[6] msyh 0.9791864096965635 121.82364302548172 118 time: 180ms
2016/06/13 16:27:31 ok [7]-[7] msyh 0.950356509567515 138.6614582355169 88 time: 165ms
2016/06/13 16:27:31 ok [8]-[8] msyh 0.967654542657366 156.70992310635597 121 time: 197ms
2016/06/13 16:27:31 ok [9]-[9] msyh 0.971897674539412 139.31618714277246 118 time: 197ms
